# JRE version: OpenJDK Runtime Environment (8.0_152) (build 1.8.0_152-release-1343-b16-5323222)
# Java VM: OpenJDK 64-Bit Server VM (25.152-b16-5323222 mixed mode linux-amd64 compressed oops)
Heap:
 PSYoungGen      total 402944K, used 7029K [0x00000000e0000000, 0x00000000fc480000, 0x0000000100000000)
  eden space 374272K, 0% used [0x00000000e0000000,0x00000000e0000000,0x00000000f6d80000)
  from space 28672K, 24% used [0x00000000fa880000,0x00000000faf5d658,0x00000000fc480000)
  to   space 29696K, 0% used [0x00000000f6d80000,0x00000000f6d80000,0x00000000f8a80000)
 ParOldGen       total 114176K, used 49207K [0x00000000a0000000, 0x00000000a6f80000, 0x00000000e0000000)
  object space 114176K, 43% used [0x00000000a0000000,0x00000000a300dc70,0x00000000a6f80000)
 Metaspace       used 99022K, capacity 102552K, committed 103080K, reserved 1138688K
  class space    used 12429K, capacity 13088K, committed 13232K, reserved 1048576K
GC Heap History (10 events):
Event: 4661.327 GC heap after
Heap after GC invocations=25 (full 4):
 PSYoungGen      total 328192K, used 6130K [0x00000000e0000000, 0x00000000f8a00000, 0x0000000100000000)
  eden space 295424K, 0% used [0x00000000e0000000,0x00000000e0000000,0x00000000f2080000)
  from space 32768K, 18% used [0x00000000f2080000,0x00000000f267c8f0,0x00000000f4080000)
  to   space 32256K, 0% used [0x00000000f6a80000,0x00000000f6a80000,0x00000000f8a00000)
 ParOldGen       total 114176K, used 49183K [0x00000000a0000000, 0x00000000a6f80000, 0x00000000e0000000)
  object space 114176K, 43% used [0x00000000a0000000,0x00000000a3007c70,0x00000000a6f80000)
 Metaspace       used 98554K, capacity 102034K, committed 102568K, reserved 1138688K
  class space    used 12415K, capacity 13079K, committed 13232K, reserved 1048576K
}
Event: 4669.325 GC heap before
{Heap before GC invocations=26 (full 4):
 PSYoungGen      total 328192K, used 301554K [0x00000000e0000000, 0x00000000f8a00000, 0x0000000100000000)
  eden space 295424K, 100% used [0x00000000e0000000,0x00000000f2080000,0x00000000f2080000)
  from space 32768K, 18% used [0x00000000f2080000,0x00000000f267c8f0,0x00000000f4080000)
  to   space 32256K, 0% used [0x00000000f6a80000,0x00000000f6a80000,0x00000000f8a00000)
 ParOldGen       total 114176K, used 49183K [0x00000000a0000000, 0x00000000a6f80000, 0x00000000e0000000)
  object space 114176K, 43% used [0x00000000a0000000,0x00000000a3007c70,0x00000000a6f80000)
 Metaspace       used 98672K, capacity 102178K, committed 102824K, reserved 1138688K
  class space    used 12415K, capacity 13079K, committed 13232K, reserved 1048576K
Event: 4669.369 GC heap after
Heap after GC invocations=26 (full 4):
 PSYoungGen      total 363008K, used 3559K [0x00000000e0000000, 0x00000000f8580000, 0x0000000100000000)
  eden space 335360K, 0% used [0x00000000e0000000,0x00000000e0000000,0x00000000f4780000)
  from space 27648K, 12% used [0x00000000f6a80000,0x00000000f6df9cf0,0x00000000f8580000)
  to   space 31744K, 0% used [0x00000000f4780000,0x00000000f4780000,0x00000000f6680000)
 ParOldGen       total 114176K, used 49191K [0x00000000a0000000, 0x00000000a6f80000, 0x00000000e0000000)
  object space 114176K, 43% used [0x00000000a0000000,0x00000000a3009c70,0x00000000a6f80000)
 Metaspace       used 98672K, capacity 102178K, committed 102824K, reserved 1138688K
  class space    used 12415K, capacity 13079K, committed 13232K, reserved 1048576K
}
Event: 4678.381 GC heap before
{Heap before GC invocations=27 (full 4):
 PSYoungGen      total 363008K, used 338919K [0x00000000e0000000, 0x00000000f8580000, 0x0000000100000000)
  eden space 335360K, 100% used [0x00000000e0000000,0x00000000f4780000,0x00000000f4780000)
  from space 27648K, 12% used [0x00000000f6a80000,0x00000000f6df9cf0,0x00000000f8580000)
  to   space 31744K, 0% used [0x00000000f4780000,0x00000000f4780000,0x00000000f6680000)
 ParOldGen       total 114176K, used 49191K [0x00000000a0000000, 0x00000000a6f80000, 0x00000000e0000000)
  object space 114176K, 43% used [0x00000000a0000000,0x00000000a3009c70,0x00000000a6f80000)
 Metaspace       used 98807K, capacity 102378K, committed 102824K, reserved 1138688K
  class space    used 12416K, capacity 13079K, committed 13232K, reserved 1048576K
Event: 4678.433 GC heap after
Heap after GC invocations=27 (full 4):
 PSYoungGen      total 367104K, used 5245K [0x00000000e0000000, 0x00000000fad00000, 0x0000000100000000)
  eden space 335360K, 0% used [0x00000000e0000000,0x00000000e0000000,0x00000000f4780000)
  from space 31744K, 16% used [0x00000000f4780000,0x00000000f4c9f5c0,0x00000000f6680000)
  to   space 30720K, 0% used [0x00000000f8f00000,0x00000000f8f00000,0x00000000fad00000)
 ParOldGen       total 114176K, used 49199K [0x00000000a0000000, 0x00000000a6f80000, 0x00000000e0000000)
  object space 114176K, 43% used [0x00000000a0000000,0x00000000a300bc70,0x00000000a6f80000)
 Metaspace       used 98807K, capacity 102378K, committed 102824K, reserved 1138688K
  class space    used 12416K, capacity 13079K, committed 13232K, reserved 1048576K
}
Event: 4687.776 GC heap before
{Heap before GC invocations=28 (full 4):
 PSYoungGen      total 367104K, used 340605K [0x00000000e0000000, 0x00000000fad00000, 0x0000000100000000)
  eden space 335360K, 100% used [0x00000000e0000000,0x00000000f4780000,0x00000000f4780000)
  from space 31744K, 16% used [0x00000000f4780000,0x00000000f4c9f5c0,0x00000000f6680000)
  to   space 30720K, 0% used [0x00000000f8f00000,0x00000000f8f00000,0x00000000fad00000)
 ParOldGen       total 114176K, used 49199K [0x00000000a0000000, 0x00000000a6f80000, 0x00000000e0000000)
  object space 114176K, 43% used [0x00000000a0000000,0x00000000a300bc70,0x00000000a6f80000)
 Metaspace       used 98857K, capacity 102380K, committed 102824K, reserved 1138688K
  class space    used 12417K, capacity 13080K, committed 13232K, reserved 1048576K
Event: 4687.816 GC heap after
Heap after GC invocations=28 (full 4):
 PSYoungGen      total 399360K, used 5744K [0x00000000e0000000, 0x00000000fa780000, 0x0000000100000000)
  eden space 374272K, 0% used [0x00000000e0000000,0x00000000e0000000,0x00000000f6d80000)
  from space 25088K, 22% used [0x00000000f8f00000,0x00000000f949c190,0x00000000fa780000)
  to   space 29696K, 0% used [0x00000000f6d80000,0x00000000f6d80000,0x00000000f8a80000)
 ParOldGen       total 114176K, used 49199K [0x00000000a0000000, 0x00000000a6f80000, 0x00000000e0000000)
  object space 114176K, 43% used [0x00000000a0000000,0x00000000a300bc70,0x00000000a6f80000)
 Metaspace       used 98857K, capacity 102380K, committed 102824K, reserved 1138688K
  class space    used 12417K, capacity 13080K, committed 13232K, reserved 1048576K
}
Event: 4697.699 GC heap before
{Heap before GC invocations=29 (full 4):
 PSYoungGen      total 399360K, used 380016K [0x00000000e0000000, 0x00000000fa780000, 0x0000000100000000)
  eden space 374272K, 100% used [0x00000000e0000000,0x00000000f6d80000,0x00000000f6d80000)
  from space 25088K, 22% used [0x00000000f8f00000,0x00000000f949c190,0x00000000fa780000)
  to   space 29696K, 0% used [0x00000000f6d80000,0x00000000f6d80000,0x00000000f8a80000)
 ParOldGen       total 114176K, used 49199K [0x00000000a0000000, 0x00000000a6f80000, 0x00000000e0000000)
  object space 114176K, 43% used [0x00000000a0000000,0x00000000a300bc70,0x00000000a6f80000)
 Metaspace       used 98903K, capacity 102452K, committed 103080K, reserved 1138688K
  class space    used 12418K, capacity 13082K, committed 13232K, reserved 1048576K
Event: 4697.759 GC heap after
Heap after GC invocations=29 (full 4):
 PSYoungGen      total 403968K, used 4572K [0x00000000e0000000, 0x00000000fc480000, 0x0000000100000000)
  eden space 374272K, 0% used [0x00000000e0000000,0x00000000e0000000,0x00000000f6d80000)
  from space 29696K, 15% used [0x00000000f6d80000,0x00000000f71f73c0,0x00000000f8a80000)
  to   space 28672K, 0% used [0x00000000fa880000,0x00000000fa880000,0x00000000fc480000)
 ParOldGen       total 114176K, used 49199K [0x00000000a0000000, 0x00000000a6f80000, 0x00000000e0000000)
  object space 114176K, 43% used [0x00000000a0000000,0x00000000a300bc70,0x00000000a6f80000)
 Metaspace       used 98903K, capacity 102452K, committed 103080K, reserved 1138688K
  class space    used 12418K, capacity 13082K, committed 13232K, reserved 1048576K
}
Event: 4708.324 GC heap before
{Heap before GC invocations=30 (full 4):
 PSYoungGen      total 403968K, used 378844K [0x00000000e0000000, 0x00000000fc480000, 0x0000000100000000)
  eden space 374272K, 100% used [0x00000000e0000000,0x00000000f6d80000,0x00000000f6d80000)
  from space 29696K, 15% used [0x00000000f6d80000,0x00000000f71f73c0,0x00000000f8a80000)
  to   space 28672K, 0% used [0x00000000fa880000,0x00000000fa880000,0x00000000fc480000)
 ParOldGen       total 114176K, used 49199K [0x00000000a0000000, 0x00000000a6f80000, 0x00000000e0000000)
  object space 114176K, 43% used [0x00000000a0000000,0x00000000a300bc70,0x00000000a6f80000)
 Metaspace       used 99022K, capacity 102552K, committed 103080K, reserved 1138688K
  class space    used 12429K, capacity 13088K, committed 13232K, reserved 1048576K

